<?xml version="1.0" encoding="UTF-8"?>
<!-- Generated by org.testng.reporters.JUnitReportReporter -->
<testsuite hostname="DESKTOP-9RJAJE7" failures="0" tests="3" name="Day42Testng.Firsttestcase" time="0.015" errors="0" timestamp="2024-09-05T13:24:19 IST" skipped="0">
  <testcase classname="Day42Testng.Firsttestcase" name="logout" time="0.012"/>
  <system-out/>
  <testcase classname="Day42Testng.Firsttestcase" name="openapp" time="0.001"/>
  <system-out/>
  <testcase classname="Day42Testng.Firsttestcase" name="login" time="0.002"/>
  <system-out/>
</testsuite> <!-- Day42Testng.Firsttestcase -->
