<?xml version="1.0" encoding="UTF-8"?>
<!-- Generated by org.testng.reporters.JUnitReportReporter -->
<testsuite hostname="DESKTOP-9RJAJE7" failures="0" tests="4" name="Day42Testng.orange" time="10.926" errors="0" timestamp="2024-09-05T14:08:54 IST" skipped="0">
  <testcase classname="Day42Testng.orange" name="open" time="5.967"/>
  <system-out/>
  <testcase classname="Day42Testng.orange" name="test" time="3.077"/>
  <system-out/>
  <testcase classname="Day42Testng.orange" name="login" time="1.594"/>
  <system-out/>
  <testcase classname="Day42Testng.orange" name="close" time="0.288"/>
  <system-out/>
</testsuite> <!-- Day42Testng.orange -->
